#
# There is insufficient memory for the Java Runtime Environment to continue.
# Native memory allocation (malloc) failed to allocate 109136 bytes for Chunk::new
# Possible reasons:
#   The system is out of physical RAM or swap space
#   The process is running with CompressedOops enabled, and the Java Heap may be blocking the growth of the native heap
# Possible solutions:
#   Reduce memory load on the system
#   Increase physical memory or swap space
#   Check if swap backing store is full
#   Decrease Java heap size (-Xmx/-Xms)
#   Decrease number of Java threads
#   Decrease Java thread stack sizes (-Xss)
#   Set larger code cache with -XX:ReservedCodeCacheSize=
#   JVM is running with Unscaled Compressed Oops mode in which the Java heap is
#     placed in the first 4GB address space. The Java Heap base address is the
#     maximum limit for the native heap growth. Please use -XX:HeapBaseMinAddress
#     to set the Java Heap base and to place the Java Heap above 4GB virtual address.
# This output file may be truncated or incomplete.
#
#  Out of Memory Error (allocation.cpp:389), pid=8568, tid=0x0000000000002c10
#
# JRE version: OpenJDK Runtime Environment (8.0_202-b03) (build 1.8.0_202-release-1483-b03)
# Java VM: OpenJDK 64-Bit Server VM (25.202-b03 mixed mode windows-amd64 compressed oops)
# Failed to write core dump. Minidumps are not enabled by default on client versions of Windows
#

---------------  T H R E A D  ---------------

Current thread (0x0000000015419800):  JavaThread "C2 CompilerThread1" daemon [_thread_in_native, id=11280, stack(0x0000000016b80000,0x0000000016c80000)]

Stack: [0x0000000016b80000,0x0000000016c80000]
[error occurred during error reporting (printing stack bounds), id 0xc0000005]

Native frames: (J=compiled Java code, j=interpreted, Vv=VM code, C=native code)


Current CompileTask:
C2:   3196 1490   !   4       java.util.zip.InflaterInputStream::read (138 bytes)


---------------  P R O C E S S  ---------------

Java Threads: ( => current thread )
  0x000000001546e800 JavaThread "Service Thread" daemon [_thread_blocked, id=2036, stack(0x0000000017180000,0x0000000017280000)]
  0x000000001541e800 JavaThread "C1 CompilerThread2" daemon [_thread_blocked, id=3456, stack(0x0000000016c80000,0x0000000016d80000)]
=>0x0000000015419800 JavaThread "C2 CompilerThread1" daemon [_thread_in_native, id=11280, stack(0x0000000016b80000,0x0000000016c80000)]
  0x0000000015416800 JavaThread "C2 CompilerThread0" daemon [_thread_blocked, id=15308, stack(0x0000000016a80000,0x0000000016b80000)]
  0x0000000015410800 JavaThread "Attach Listener" daemon [_thread_blocked, id=13060, stack(0x0000000016980000,0x0000000016a80000)]
  0x000000001540f800 JavaThread "Signal Dispatcher" daemon [_thread_blocked, id=8636, stack(0x0000000016880000,0x0000000016980000)]
  0x00000000153fa800 JavaThread "Finalizer" daemon [_thread_blocked, id=12128, stack(0x0000000016660000,0x0000000016760000)]
  0x00000000153f9000 JavaThread "Reference Handler" daemon [_thread_blocked, id=10208, stack(0x0000000016560000,0x0000000016660000)]
  0x0000000002d46800 JavaThread "main" [_thread_blocked, id=11916, stack(0x0000000002c40000,0x0000000002d40000)]

Other Threads:
  0x00000000153d6000 VMThread [stack: 0x0000000016460000,0x0000000016560000] [id=13760]
  0x0000000015436800 WatcherThread [stack: 0x0000000017280000,0x0000000017380000] [id=3616]

VM state:at safepoint (normal execution)

VM Mutex/Monitor currently owned by a thread:  ([mutex/lock_event])
[0x0000000002d42700] Threads_lock - owner thread: 0x00000000153d6000
[0x0000000002d42c80] Heap_lock - owner thread: 0x0000000002d46800

heap address: 0x00000000c1c00000, size: 996 MB, Compressed Oops mode: 32-bit
Narrow klass base: 0x0000000000000000, Narrow klass shift: 3
Compressed class space size: 1073741824 Address: 0x0000000100000000

Heap:
 PSYoungGen      total 18944K, used 630K [0x00000000eb400000, 0x00000000ec900000, 0x0000000100000000)
  eden space 16384K, 0% used [0x00000000eb400000,0x00000000eb400000,0x00000000ec400000)
  from space 2560K, 24% used [0x00000000ec680000,0x00000000ec71dac0,0x00000000ec900000)
  to   space 2560K, 0% used [0x00000000ec400000,0x00000000ec400000,0x00000000ec680000)
 ParOldGen       total 29696K, used 7304K [0x00000000c1c00000, 0x00000000c3900000, 0x00000000eb400000)
  object space 29696K, 24% used [0x00000000c1c00000,0x00000000c2322270,0x00000000c3900000)
 Metaspace       used 17432K, capacity 17710K, committed 17792K, reserved 1079296K
  class space    used 2034K, capacity 2119K, committed 2176K, reserved 1048576K

Card table byte_map: [0x0000000012200000,0x0000000012400000] byte_map_base: 0x0000000011bf2000

Marking Bits: (ParMarkBitMap*) 0x0000000071739f30
 Begin Bits: [0x0000000012950000, 0x00000000138e0000)
 End Bits:   [0x00000000138e0000, 0x0000000014870000)

Polling page: 0x00000000010f0000

CodeCache: size=245760Kb used=4776Kb max_used=4780Kb free=240983Kb
 bounds [0x0000000002e40000, 0x00000000032f0000, 0x0000000011e40000]
 total_blobs=1863 nmethods=1489 adapters=287
 compilation: enabled

Compilation events (10 events):
Event: 3.173 Thread 0x000000001541e800 nmethod 1486 0x00000000032ec010 code [0x00000000032ec1a0, 0x00000000032ec618]
Event: 3.173 Thread 0x000000001541e800 1485       3       com.sun.org.apache.xerces.internal.util.XMLChar::isSpace (22 bytes)
Event: 3.173 Thread 0x000000001541e800 nmethod 1485 0x00000000032ebbd0 code [0x00000000032ebd40, 0x00000000032ebf30]
Event: 3.174 Thread 0x000000001541e800 1487       3       com.sun.org.apache.xerces.internal.impl.XMLEntityScanner::checkBeforeLoad (140 bytes)
Event: 3.174 Thread 0x000000001541e800 nmethod 1487 0x00000000032eb310 code [0x00000000032eb4c0, 0x00000000032eba18]
Event: 3.175 Thread 0x000000001541e800 1488       1       com.sun.org.apache.xerces.internal.util.XMLAttributesImpl::getLength (5 bytes)
Event: 3.175 Thread 0x000000001541e800 nmethod 1488 0x00000000032eb050 code [0x00000000032eb1a0, 0x00000000032eb2b0]
Event: 3.175 Thread 0x000000001541e800 1489       3       com.sun.org.apache.xerces.internal.impl.XMLDocumentFragmentScannerImpl::getAttributeIterator (39 bytes)
Event: 3.175 Thread 0x000000001541e800 nmethod 1489 0x00000000032eab50 code [0x00000000032eacc0, 0x00000000032eaf88]
Event: 3.191 Thread 0x0000000015419800 1490   !   4       java.util.zip.InflaterInputStream::read (138 bytes)

GC Heap History (10 events):
Event: 2.197 GC heap before
{Heap before GC invocations=4 (full 1):
 PSYoungGen      total 18944K, used 16384K [0x00000000eb400000, 0x00000000ec900000, 0x0000000100000000)
  eden space 16384K, 100% used [0x00000000eb400000,0x00000000ec400000,0x00000000ec400000)
  from space 2560K, 0% used [0x00000000ec680000,0x00000000ec680000,0x00000000ec900000)
  to   space 2560K, 0% used [0x00000000ec400000,0x00000000ec400000,0x00000000ec680000)
 ParOldGen       total 29696K, used 3278K [0x00000000c1c00000, 0x00000000c3900000, 0x00000000eb400000)
  object space 29696K, 11% used [0x00000000c1c00000,0x00000000c1f33ae0,0x00000000c3900000)
 Metaspace       used 11035K, capacity 11174K, committed 11264K, reserved 1062912K
  class space    used 1212K, capacity 1279K, committed 1280K, reserved 1048576K
Event: 2.201 GC heap after
Heap after GC invocations=4 (full 1):
 PSYoungGen      total 18944K, used 2548K [0x00000000eb400000, 0x00000000ec900000, 0x0000000100000000)
  eden space 16384K, 0% used [0x00000000eb400000,0x00000000eb400000,0x00000000ec400000)
  from space 2560K, 99% used [0x00000000ec400000,0x00000000ec67d080,0x00000000ec680000)
  to   space 2560K, 0% used [0x00000000ec680000,0x00000000ec680000,0x00000000ec900000)
 ParOldGen       total 29696K, used 4762K [0x00000000c1c00000, 0x00000000c3900000, 0x00000000eb400000)
  object space 29696K, 16% used [0x00000000c1c00000,0x00000000c20a6b30,0x00000000c3900000)
 Metaspace       used 11035K, capacity 11174K, committed 11264K, reserved 1062912K
  class space    used 1212K, capacity 1279K, committed 1280K, reserved 1048576K
}
Event: 2.582 GC heap before
{Heap before GC invocations=5 (full 1):
 PSYoungGen      total 18944K, used 14389K [0x00000000eb400000, 0x00000000ec900000, 0x0000000100000000)
  eden space 16384K, 72% used [0x00000000eb400000,0x00000000ebf90508,0x00000000ec400000)
  from space 2560K, 99% used [0x00000000ec400000,0x00000000ec67d080,0x00000000ec680000)
  to   space 2560K, 0% used [0x00000000ec680000,0x00000000ec680000,0x00000000ec900000)
 ParOldGen       total 29696K, used 4762K [0x00000000c1c00000, 0x00000000c3900000, 0x00000000eb400000)
  object space 29696K, 16% used [0x00000000c1c00000,0x00000000c20a6b30,0x00000000c3900000)
 Metaspace       used 13599K, capacity 13830K, committed 13952K, reserved 1064960K
  class space    used 1565K, capacity 1635K, committed 1664K, reserved 1048576K
Event: 2.588 GC heap after
Heap after GC invocations=5 (full 1):
 PSYoungGen      total 18944K, used 2560K [0x00000000eb400000, 0x00000000ec900000, 0x0000000100000000)
  eden space 16384K, 0% used [0x00000000eb400000,0x00000000eb400000,0x00000000ec400000)
  from space 2560K, 100% used [0x00000000ec680000,0x00000000ec900000,0x00000000ec900000)
  to   space 2560K, 0% used [0x00000000ec400000,0x00000000ec400000,0x00000000ec680000)
 ParOldGen       total 29696K, used 7076K [0x00000000c1c00000, 0x00000000c3900000, 0x00000000eb400000)
  object space 29696K, 23% used [0x00000000c1c00000,0x00000000c22e9370,0x00000000c3900000)
 Metaspace       used 13599K, capacity 13830K, committed 13952K, reserved 1064960K
  class space    used 1565K, capacity 1635K, committed 1664K, reserved 1048576K
}
Event: 2.588 GC heap before
{Heap before GC invocations=6 (full 2):
 PSYoungGen      total 18944K, used 2560K [0x00000000eb400000, 0x00000000ec900000, 0x0000000100000000)
  eden space 16384K, 0% used [0x00000000eb400000,0x00000000eb400000,0x00000000ec400000)
  from space 2560K, 100% used [0x00000000ec680000,0x00000000ec900000,0x00000000ec900000)
  to   space 2560K, 0% used [0x00000000ec400000,0x00000000ec400000,0x00000000ec680000)
 ParOldGen       total 29696K, used 7076K [0x00000000c1c00000, 0x00000000c3900000, 0x00000000eb400000)
  object space 29696K, 23% used [0x00000000c1c00000,0x00000000c22e9370,0x00000000c3900000)
 Metaspace       used 13599K, capacity 13830K, committed 13952K, reserved 1064960K
  class space    used 1565K, capacity 1635K, committed 1664K, reserved 1048576K
Event: 2.615 GC heap after
Heap after GC invocations=6 (full 2):
 PSYoungGen      total 18944K, used 0K [0x00000000eb400000, 0x00000000ec900000, 0x0000000100000000)
  eden space 16384K, 0% used [0x00000000eb400000,0x00000000eb400000,0x00000000ec400000)
  from space 2560K, 0% used [0x00000000ec680000,0x00000000ec680000,0x00000000ec900000)
  to   space 2560K, 0% used [0x00000000ec400000,0x00000000ec400000,0x00000000ec680000)
 ParOldGen       total 29696K, used 6233K [0x00000000c1c00000, 0x00000000c3900000, 0x00000000eb400000)
  object space 29696K, 20% used [0x00000000c1c00000,0x00000000c22167e0,0x00000000c3900000)
 Metaspace       used 13599K, capacity 13830K, committed 13952K, reserved 1064960K
  class space    used 1565K, capacity 1635K, committed 1664K, reserved 1048576K
}
Event: 3.069 GC heap before
{Heap before GC invocations=7 (full 2):
 PSYoungGen      total 18944K, used 13685K [0x00000000eb400000, 0x00000000ec900000, 0x0000000100000000)
  eden space 16384K, 83% used [0x00000000eb400000,0x00000000ec15d5e0,0x00000000ec400000)
  from space 2560K, 0% used [0x00000000ec680000,0x00000000ec680000,0x00000000ec900000)
  to   space 2560K, 0% used [0x00000000ec400000,0x00000000ec400000,0x00000000ec680000)
 ParOldGen       total 29696K, used 6233K [0x00000000c1c00000, 0x00000000c3900000, 0x00000000eb400000)
  object space 29696K, 20% used [0x00000000c1c00000,0x00000000c22167e0,0x00000000c3900000)
 Metaspace       used 16514K, capacity 16844K, committed 16896K, reserved 1073152K
  class space    used 1932K, capacity 2022K, committed 2048K, reserved 1048576K
Event: 3.072 GC heap after
Heap after GC invocations=7 (full 2):
 PSYoungGen      total 18944K, used 2543K [0x00000000eb400000, 0x00000000ec900000, 0x0000000100000000)
  eden space 16384K, 0% used [0x00000000eb400000,0x00000000eb400000,0x00000000ec400000)
  from space 2560K, 99% used [0x00000000ec400000,0x00000000ec67bf90,0x00000000ec680000)
  to   space 2560K, 0% used [0x00000000ec680000,0x00000000ec680000,0x00000000ec900000)
 ParOldGen       total 29696K, used 6830K [0x00000000c1c00000, 0x00000000c3900000, 0x00000000eb400000)
  object space 29696K, 23% used [0x00000000c1c00000,0x00000000c22ab880,0x00000000c3900000)
 Metaspace       used 16514K, capacity 16844K, committed 16896K, reserved 1073152K
  class space    used 1932K, capacity 2022K, committed 2048K, reserved 1048576K
}
Event: 3.072 GC heap before
{Heap before GC invocations=8 (full 3):
 PSYoungGen      total 18944K, used 2543K [0x00000000eb400000, 0x00000000ec900000, 0x0000000100000000)
  eden space 16384K, 0% used [0x00000000eb400000,0x00000000eb400000,0x00000000ec400000)
  from space 2560K, 99% used [0x00000000ec400000,0x00000000ec67bf90,0x00000000ec680000)
  to   space 2560K, 0% used [0x00000000ec680000,0x00000000ec680000,0x00000000ec900000)
 ParOldGen       total 29696K, used 6830K [0x00000000c1c00000, 0x00000000c3900000, 0x00000000eb400000)
  object space 29696K, 23% used [0x00000000c1c00000,0x00000000c22ab880,0x00000000c3900000)
 Metaspace       used 16514K, capacity 16844K, committed 16896K, reserved 1073152K
  class space    used 1932K, capacity 2022K, committed 2048K, reserved 1048576K
Event: 3.104 GC heap after
Heap after GC invocations=8 (full 3):
 PSYoungGen      total 18944K, used 0K [0x00000000eb400000, 0x00000000ec900000, 0x0000000100000000)
  eden space 16384K, 0% used [0x00000000eb400000,0x00000000eb400000,0x00000000ec400000)
  from space 2560K, 0% used [0x00000000ec400000,0x00000000ec400000,0x00000000ec680000)
  to   space 2560K, 0% used [0x00000000ec680000,0x00000000ec680000,0x00000000ec900000)
 ParOldGen       total 29696K, used 7232K [0x00000000c1c00000, 0x00000000c3900000, 0x00000000eb400000)
  object space 29696K, 24% used [0x00000000c1c00000,0x00000000c2310260,0x00000000c3900000)
 Metaspace       used 16514K, capacity 16844K, committed 16896K, reserved 1071104K
  class space    used 1932K, capacity 2022K, committed 2048K, reserved 1048576K
}

Deoptimization events (9 events):
Event: 1.045 Thread 0x0000000002d46800 Uncommon trap: reason=unstable_if action=reinterpret pc=0x0000000003059648 method=sun.misc.MetaIndex.mayContain(Ljava/lang/String;)Z @ 13
Event: 1.336 Thread 0x0000000002d46800 Uncommon trap: reason=unstable_if action=reinterpret pc=0x0000000002ffa204 method=java.lang.String.indexOf([CII[CIII)I @ 134
Event: 1.404 Thread 0x0000000002d46800 Uncommon trap: reason=unstable_if action=reinterpret pc=0x00000000030c2ee8 method=kotlin.reflect.jvm.internal.impl.protobuf.CodedInputStream.readRawVarint32()I @ 10
Event: 2.347 Thread 0x0000000002d46800 Uncommon trap: reason=unstable_if action=reinterpret pc=0x00000000030aae4c method=java.lang.String.<init>([CII)V @ 18
Event: 2.398 Thread 0x0000000002d46800 Uncommon trap: reason=unstable_if action=reinterpret pc=0x000000000302d324 method=java.lang.String.<init>([CII)V @ 18
Event: 2.401 Thread 0x0000000002d46800 Uncommon trap: reason=unstable_if action=reinterpret pc=0x0000000002fd3da8 method=java.lang.String.replace(CC)Ljava/lang/String; @ 2
Event: 2.811 Thread 0x0000000002d46800 Uncommon trap: reason=unstable_if action=reinterpret pc=0x000000000315a828 method=java.util.HashMap.hash(Ljava/lang/Object;)I @ 1
Event: 2.940 Thread 0x0000000002d46800 Uncommon trap: reason=class_check action=maybe_recompile pc=0x00000000031cca80 method=java.util.Collections$UnmodifiableCollection.size()I @ 4
Event: 2.941 Thread 0x0000000002d46800 Uncommon trap: reason=class_check action=maybe_recompile pc=0x00000000031cca80 method=java.util.Collections$UnmodifiableCollection.size()I @ 4

Classes redefined (0 events):
No events

Internal exceptions (10 events):
Event: 1.046 Thread 0x0000000002d46800 Exception <a 'java/security/PrivilegedActionException'> (0x00000000eb4be6b0) thrown at [D:\src\AOSP-openjdk-cygwin\jdk8u\hotspot\src\share\vm\prims\jvm.cpp, line 1508]
Event: 1.047 Thread 0x0000000002d46800 Exception <a 'java/security/PrivilegedActionException'> (0x00000000eb4c2a58) thrown at [D:\src\AOSP-openjdk-cygwin\jdk8u\hotspot\src\share\vm\prims\jvm.cpp, line 1508]
Event: 1.047 Thread 0x0000000002d46800 Exception <a 'java/security/PrivilegedActionException'> (0x00000000eb4c3038) thrown at [D:\src\AOSP-openjdk-cygwin\jdk8u\hotspot\src\share\vm\prims\jvm.cpp, line 1508]
Event: 1.048 Thread 0x0000000002d46800 Exception <a 'java/security/PrivilegedActionException'> (0x00000000eb4c4d10) thrown at [D:\src\AOSP-openjdk-cygwin\jdk8u\hotspot\src\share\vm\prims\jvm.cpp, line 1508]
Event: 1.048 Thread 0x0000000002d46800 Exception <a 'java/security/PrivilegedActionException'> (0x00000000eb4c52f0) thrown at [D:\src\AOSP-openjdk-cygwin\jdk8u\hotspot\src\share\vm\prims\jvm.cpp, line 1508]
Event: 1.352 Thread 0x0000000002d46800 Exception <a 'java/lang/ArrayIndexOutOfBoundsException'> (0x00000000eb5a1c58) thrown at [D:\src\AOSP-openjdk-cygwin\jdk8u\hotspot\src\share\vm\runtime\sharedRuntime.cpp, line 605]
Event: 1.621 Thread 0x0000000002d46800 Exception <a 'java/lang/ArrayIndexOutOfBoundsException'> (0x00000000ebf4a020) thrown at [D:\src\AOSP-openjdk-cygwin\jdk8u\hotspot\src\share\vm\runtime\sharedRuntime.cpp, line 605]
Event: 2.811 Thread 0x0000000002d46800 Implicit null exception at 0x000000000315a7af to 0x000000000315a819
Event: 2.941 Thread 0x0000000002d46800 Exception <a 'java/lang/NoSuchMethodError': java.lang.Object.lambda$comparing$77a9974f$1(Ljava/util/function/Function;Ljava/lang/Object;Ljava/lang/Object;)I> (0x00000000ebe325b8) thrown at [D:\src\AOSP-openjdk-cygwin\jdk8u\hotspot\src\share\vm\interpreter
Event: 2.980 Thread 0x0000000002d46800 Exception <a 'java/lang/NoSuchMethodError': java.lang.Object.lambda$static$0()J> (0x00000000ebf2f650) thrown at [D:\src\AOSP-openjdk-cygwin\jdk8u\hotspot\src\share\vm\interpreter\linkResolver.cpp, line 620]

Events (10 events):
Event: 3.192 loading class org/jetbrains/kotlin/com/intellij/util/xmlb/OptionTagBinding
Event: 3.192 loading class org/jetbrains/kotlin/com/intellij/util/xmlb/OptionTagBinding done
Event: 3.192 loading class org/jetbrains/kotlin/com/intellij/util/xmlb/TagBinding
Event: 3.192 loading class org/jetbrains/kotlin/com/intellij/util/xmlb/TagBinding done
Event: 3.193 loading class org/jetbrains/kotlin/com/intellij/util/xmlb/AccessorBindingWrapper
Event: 3.193 loading class org/jetbrains/kotlin/com/intellij/util/xmlb/AccessorBindingWrapper done
Event: 3.193 loading class org/jetbrains/kotlin/com/intellij/util/containers/ConcurrentSoftValueHashMap
Event: 3.193 loading class org/jetbrains/kotlin/com/intellij/util/containers/ConcurrentSoftValueHashMap done
Event: 3.193 loading class org/jetbrains/kotlin/com/intellij/util/containers/ConcurrentRefValueHashMap
Event: 3.193 loading class org/jetbrains/kotlin/com/intellij/util/containers/ConcurrentRefValueHashMap done


Dynamic libraries:
0x00007ff749690000 - 0x00007ff7496c1000 	C:\Program Files\Android\Android Studio\jre\jre\bin\java.exe
0x00007ff9f3140000 - 0x00007ff9f3321000 	C:\WINDOWS\SYSTEM32\ntdll.dll
0x00007ff9b28f0000 - 0x00007ff9b2904000 	C:\Program Files\AVAST Software\Avast\aswhook.dll
0x00007ff9f2780000 - 0x00007ff9f2831000 	C:\WINDOWS\System32\KERNEL32.DLL
0x00007ff9f0350000 - 0x00007ff9f05c3000 	C:\WINDOWS\System32\KERNELBASE.dll
0x00007ff9f2670000 - 0x00007ff9f2711000 	C:\WINDOWS\System32\ADVAPI32.dll
0x00007ff9f2ba0000 - 0x00007ff9f2c3e000 	C:\WINDOWS\System32\msvcrt.dll
0x00007ff9f08e0000 - 0x00007ff9f093b000 	C:\WINDOWS\System32\sechost.dll
0x00007ff9f0940000 - 0x00007ff9f0a64000 	C:\WINDOWS\System32\RPCRT4.dll
0x00007ff9f05d0000 - 0x00007ff9f0760000 	C:\WINDOWS\System32\USER32.dll
0x00007ff9ef760000 - 0x00007ff9ef780000 	C:\WINDOWS\System32\win32u.dll
0x00007ff9f2b70000 - 0x00007ff9f2b98000 	C:\WINDOWS\System32\GDI32.dll
0x00007ff9f01b0000 - 0x00007ff9f0341000 	C:\WINDOWS\System32\gdi32full.dll
0x00007ff9ef780000 - 0x00007ff9ef81f000 	C:\WINDOWS\System32\msvcp_win.dll
0x00007ff9ef8f0000 - 0x00007ff9ef9e8000 	C:\WINDOWS\System32\ucrtbase.dll
0x00007ff9d05b0000 - 0x00007ff9d0819000 	C:\WINDOWS\WinSxS\amd64_microsoft.windows.common-controls_6595b64144ccf1df_6.0.17134.885_none_fb42a3473065565f\COMCTL32.dll
0x00007ff9f2840000 - 0x00007ff9f2b62000 	C:\WINDOWS\System32\combase.dll
0x00007ff9ef820000 - 0x00007ff9ef899000 	C:\WINDOWS\System32\bcryptPrimitives.dll
0x00007ff9f30e0000 - 0x00007ff9f310d000 	C:\WINDOWS\System32\IMM32.DLL
0x0000000070e90000 - 0x0000000070f62000 	C:\Program Files\Android\Android Studio\jre\jre\bin\msvcr100.dll
0x0000000070f70000 - 0x00000000717b6000 	C:\Program Files\Android\Android Studio\jre\jre\bin\server\jvm.dll
0x00007ff9f2660000 - 0x00007ff9f2668000 	C:\WINDOWS\System32\PSAPI.DLL
0x00007ff9e7730000 - 0x00007ff9e7739000 	C:\WINDOWS\SYSTEM32\WSOCK32.dll
0x00007ff9f2e80000 - 0x00007ff9f2eec000 	C:\WINDOWS\System32\WS2_32.dll
0x00007ff9ed730000 - 0x00007ff9ed753000 	C:\WINDOWS\SYSTEM32\WINMM.dll
0x00007ff9eae10000 - 0x00007ff9eae1a000 	C:\WINDOWS\SYSTEM32\VERSION.dll
0x00007ff9ed700000 - 0x00007ff9ed72a000 	C:\WINDOWS\SYSTEM32\WINMMBASE.dll
0x00007ff9ef8a0000 - 0x00007ff9ef8e9000 	C:\WINDOWS\System32\cfgmgr32.dll
0x00007ff9ebe70000 - 0x00007ff9ebe7f000 	C:\Program Files\Android\Android Studio\jre\jre\bin\verify.dll
0x00007ff9e5660000 - 0x00007ff9e5689000 	C:\Program Files\Android\Android Studio\jre\jre\bin\java.dll
0x00007ff9e5790000 - 0x00007ff9e57a6000 	C:\Program Files\Android\Android Studio\jre\jre\bin\zip.dll
0x00007ff9f0c30000 - 0x00007ff9f2070000 	C:\WINDOWS\System32\SHELL32.dll
0x00007ff9f2160000 - 0x00007ff9f2209000 	C:\WINDOWS\System32\shcore.dll
0x00007ff9efaa0000 - 0x00007ff9f01ad000 	C:\WINDOWS\System32\windows.storage.dll
0x00007ff9f0a70000 - 0x00007ff9f0ac1000 	C:\WINDOWS\System32\shlwapi.dll
0x00007ff9ef470000 - 0x00007ff9ef481000 	C:\WINDOWS\System32\kernel.appcore.dll
0x00007ff9ef450000 - 0x00007ff9ef46f000 	C:\WINDOWS\System32\profapi.dll
0x00007ff9ef4b0000 - 0x00007ff9ef4fc000 	C:\WINDOWS\System32\powrprof.dll
0x00007ff9ef500000 - 0x00007ff9ef50a000 	C:\WINDOWS\System32\FLTLIB.DLL

VM Arguments:
java_command: org.jetbrains.kotlin.cli.jvm.K2JVMCompiler -Xallow-no-source-files -classpath C:\Users\utilisateur\.gradle\caches\modules-2\files-2.1\org.jetbrains.kotlin\kotlin-android-extensions-runtime\1.3.50\bec16087637a7cafe54894e73d38037977cb30d2\kotlin-android-extensions-runtime-1.3.50.jar;C:\Users\utilisateur\.gradle\caches\modules-2\files-2.1\org.jetbrains.kotlin\kotlin-stdlib-jdk7\1.3.50\50ad05ea1c2595fb31b800e76db464d08d599af3\kotlin-stdlib-jdk7-1.3.50.jar;C:\Users\utilisateur\.gradle\caches\transforms-2\files-2.1\5c88463d0eed036fcfa571f3d6410c54\core-ktx-1.0.2\jars\classes.jar;C:\Users\utilisateur\.gradle\caches\modules-2\files-2.1\org.jetbrains.kotlin\kotlin-stdlib\1.3.50\b529d1738c7e98bbfa36a4134039528f2ce78ebf\kotlin-stdlib-1.3.50.jar;C:\Users\utilisateur\.gradle\caches\modules-2\files-2.1\org.jetbrains.kotlin\kotlin-stdlib-common\1.3.50\3d9cd3e1bc7b92e95f43d45be3bfbcf38e36ab87\kotlin-stdlib-common-1.3.50.jar;C:\Users\utilisateur\.gradle\caches\modules-2\files-2.1\org.jetbrains\annotations\13.0\919f0dfe192fb4e063e7dacadee7f8bb9a2672a9\annotations-13.0.jar;C:\Users\utilisateur\.gradle\caches\transforms-2\files-2.1\0470387faa7b1080135cfdf1441459c6\appcompat-1.0.2\jars\classes.jar;C:\Users\utilisateur\.gradle\caches\transforms-2\files-2.1\a212701f7570c3247cc53e08e1d559c1\fragment-1.0.0\jars\classes.jar;C:\Users\utilisateur\.gradle\caches\transforms-2\files-2.1\0abc2744afcd23f9a052a9675fa3f0dd\vectordrawable-animated-1.0.0\jars\classes.jar;C:\Users\utilisateur\.gradle\caches\transforms-2\files-2.1\9eca2d67ba16850252a0e8f7032d79d7\legacy-support-core-ui-1.0.0\jars\classes.jar;C:\Users\utilisateur\.gradle\caches\transforms-2\files-2.1\d6017a93f1c1bb53cc27a8296dc329c2\legacy-support-core-utils-1.0.0\jars\classes.jar;C:\Users\utilisateur\.gradle\caches\transforms-2\files-2.1\bccb270a7972e8832b9c2cce449235ef\vectordrawable-1.0.1\jars\classes.jar;C:\Users\utilisateur\.gradle\caches\transforms-2\files-2.1\569463a400f4655cb66ccd8c77ac9d23\loader-1.0.0\jars\classe
java_class_path (initial): C:\Users\utilisateur\.gradle\caches\modules-2\files-2.1\org.jetbrains.kotlin\kotlin-compiler-embeddable\1.3.50\1251c1768e5769b06c2487d6f6cf8acf6efb8960\kotlin-compiler-embeddable-1.3.50.jar;C:\Users\utilisateur\.gradle\caches\modules-2\files-2.1\org.jetbrains.kotlin\kotlin-reflect\1.3.50\b499f22fd7c3e9c2e5b6c4005221fa47fc7f9a7a\kotlin-reflect-1.3.50.jar;C:\Users\utilisateur\.gradle\caches\modules-2\files-2.1\org.jetbrains.kotlin\kotlin-stdlib\1.3.50\b529d1738c7e98bbfa36a4134039528f2ce78ebf\kotlin-stdlib-1.3.50.jar;C:\Users\utilisateur\.gradle\caches\modules-2\files-2.1\org.jetbrains.kotlin\kotlin-script-runtime\1.3.50\59492b8dfb92522ba0ddb5dd1c4d0ef0a4fca1af\kotlin-script-runtime-1.3.50.jar;C:\Users\utilisateur\.gradle\caches\modules-2\files-2.1\org.jetbrains.kotlin\kotlin-daemon-embeddable\1.3.50\5cb93bb33f4c6f833ead0beca4c831668e00cf52\kotlin-daemon-embeddable-1.3.50.jar;C:\Users\utilisateur\.gradle\caches\modules-2\files-2.1\org.jetbrains.intellij.deps\trove4j\1.0.20181211\216c2e14b070f334479d800987affe4054cd563f\trove4j-1.0.20181211.jar;C:\Users\utilisateur\.gradle\caches\modules-2\files-2.1\org.jetbrains.kotlin\kotlin-stdlib-common\1.3.50\3d9cd3e1bc7b92e95f43d45be3bfbcf38e36ab87\kotlin-stdlib-common-1.3.50.jar;C:\Users\utilisateur\.gradle\caches\modules-2\files-2.1\org.jetbrains\annotations\13.0\919f0dfe192fb4e063e7dacadee7f8bb9a2672a9\annotations-13.0.jar;C:\Program Files\Android\Android Studio\jre\lib\tools.jar
Launcher Type: SUN_STANDARD

Environment Variables:
PATH=D:\app\utilisateur\product\18.0.0\dbhomeXE\bin;D:\app\client\utilisateur\product\18.0.0\client_1;D:\app\client\utilisateur\product\18.0.0\client_1\bin;C:\Program Files\Microsoft MPI\Bin\;C:\WINDOWS\system32;C:\WINDOWS;C:\WINDOWS\System32\Wbem;C:\WINDOWS\System32\WindowsPowerShell\v1.0\;C:\Program Files\Microsoft SQL Server\130\Tools\Binn\;C:\Program Files\Git\cmd;C:\Program Files\dotnet\;C:\Program Files\Microsoft VS Code\bin;C:\Program Files (x86)\Microsoft SQL Server\140\Tools\Binn\;C:\Program Files\Microsoft SQL Server\140\Tools\Binn\;C:\Program Files (x86)\Microsoft SQL Server\140\DTS\Binn\;C:\Program Files\Microsoft SQL Server\140\DTS\Binn\;C:\Program Files\Microsoft SQL Server\Client SDK\ODBC\130\Tools\Binn\;C:\Program Files (x86)\Microsoft SQL Server\Client SDK\ODBC\130\Tools\Binn\;C:\Program Files (x86)\Microsoft SQL Server\140\Tools\Binn\ManagementStudio\;C:\WINDOWS\System32\OpenSSH\;C:\Program Files\Java\jdk-11.0.1\bin;C:\Program Files\PuTTY\;C:\Program Files\Microsoft SQL Server\Client SDK\ODBC\170\Tools\Binn\;C:\Program Files\Microsoft\Web Platform Installer\;C:\Program Files\nodejs\;C:\Users\utilisateur\AppData\Local\Microsoft\WindowsApps;C:\Users\utilisateur\.dotnet\tools;C:\Users\utilisateur\AppData\Local\Programs\Fiddler;C:\Users\utilisateur\AppData\Roaming\npm;C:\Program Files\MongoDB\Server\4.0\bin;
USERNAME=utilisateur
OS=Windows_NT
PROCESSOR_IDENTIFIER=Intel64 Family 6 Model 42 Stepping 7, GenuineIntel



---------------  S Y S T E M  ---------------

OS: Windows 10.0 , 64 bit Build 17134 (10.0.17134.753)

CPU:total 4 (initial active 4) (4 cores per cpu, 1 threads per core) family 6 model 42 stepping 7, cmov, cx8, fxsr, mmx, sse, sse2, sse3, ssse3, sse4.1, sse4.2, popcnt, avx, aes, clmul, tsc, tscinvbit

Memory: 4k page, physical 4072496k(203532k free), swap 11758592k(0k free)

vm_info: OpenJDK 64-Bit Server VM (25.202-b03) for windows-amd64 JRE (1.8.0_202-release-1483-b03), built by "builder" with MS VC++ 10.0 (VS2010)

time: Thu Nov 07 13:15:13 2019
timezone: Paris, Madrid
elapsed time: 3 seconds (0d 0h 0m 3s)

