#
# There is insufficient memory for the Java Runtime Environment to continue.
# Native memory allocation (malloc) failed to allocate 2493456 bytes for Chunk::new
# Possible reasons:
#   The system is out of physical RAM or swap space
#   The process is running with CompressedOops enabled, and the Java Heap may be blocking the growth of the native heap
# Possible solutions:
#   Reduce memory load on the system
#   Increase physical memory or swap space
#   Check if swap backing store is full
#   Decrease Java heap size (-Xmx/-Xms)
#   Decrease number of Java threads
#   Decrease Java thread stack sizes (-Xss)
#   Set larger code cache with -XX:ReservedCodeCacheSize=
#   JVM is running with Unscaled Compressed Oops mode in which the Java heap is
#     placed in the first 4GB address space. The Java Heap base address is the
#     maximum limit for the native heap growth. Please use -XX:HeapBaseMinAddress
#     to set the Java Heap base and to place the Java Heap above 4GB virtual address.
# This output file may be truncated or incomplete.
#
#  Out of Memory Error (allocation.cpp:389), pid=2564, tid=0x0000000000003728
#
# JRE version: OpenJDK Runtime Environment (8.0_202-b03) (build 1.8.0_202-release-1483-b03)
# Java VM: OpenJDK 64-Bit Server VM (25.202-b03 mixed mode windows-amd64 compressed oops)
# Failed to write core dump. Minidumps are not enabled by default on client versions of Windows
#

---------------  T H R E A D  ---------------

Current thread (0x000000001634e800):  JavaThread "C2 CompilerThread0" daemon [_thread_in_native, id=14120, stack(0x00000000179e0000,0x0000000017ae0000)]

Stack: [0x00000000179e0000,0x0000000017ae0000]
[error occurred during error reporting (printing stack bounds), id 0xc0000005]

Native frames: (J=compiled Java code, j=interpreted, Vv=VM code, C=native code)


Current CompileTask:
C2:  39360 14595 % !   4       com.android.tools.r8.dex.c::b @ 13 (2274 bytes)


---------------  P R O C E S S  ---------------

Java Threads: ( => current thread )
  0x000000001baf9800 JavaThread "WorkerExecutor Queue Thread 6" [_thread_blocked, id=14260, stack(0x00000000292e0000,0x00000000293e0000)]
  0x000000001baf6800 JavaThread "WorkerExecutor Queue Thread 4" [_thread_blocked, id=6400, stack(0x0000000028fe0000,0x00000000290e0000)]
  0x000000001bafb800 JavaThread "WorkerExecutor Queue Thread 3" [_thread_blocked, id=1712, stack(0x0000000028ee0000,0x0000000028fe0000)]
  0x000000001aec0000 JavaThread "WorkerExecutor Queue" [_thread_blocked, id=11100, stack(0x0000000025080000,0x0000000025180000)]
  0x000000001aebc000 JavaThread "Cache worker for execution history cache (C:\Users\utilisateur\AndroidStudioProjects\BudgetApp\.gradle\5.4.1\executionHistory)" [_thread_blocked, id=12884, stack(0x0000000024d80000,0x0000000024e80000)]
  0x000000001aec0800 JavaThread "Execution worker for ':' Thread 3" [_thread_blocked, id=11080, stack(0x0000000024a80000,0x0000000024b80000)]
  0x000000001aec2000 JavaThread "Execution worker for ':' Thread 2" [_thread_blocked, id=6424, stack(0x0000000024980000,0x0000000024a80000)]
  0x000000001aebf000 JavaThread "Execution worker for ':'" [_thread_in_native, id=2568, stack(0x0000000024880000,0x0000000024980000)]
  0x000000001aeb4800 JavaThread "Cache worker for file content cache (C:\Users\utilisateur\AndroidStudioProjects\BudgetApp\.gradle\5.4.1\fileContent)" [_thread_blocked, id=13824, stack(0x00000000225e0000,0x00000000226e0000)]
  0x000000001aebb800 JavaThread "Cache worker for file content cache (C:\Users\utilisateur\.gradle\caches\5.4.1\fileContent)" [_thread_blocked, id=3284, stack(0x00000000224e0000,0x00000000225e0000)]
  0x000000001aeba800 JavaThread "Memory manager" [_thread_blocked, id=1180, stack(0x00000000221e0000,0x00000000222e0000)]
  0x000000001aeba000 JavaThread "Cache worker for Build Output Cleanup Cache (C:\Users\utilisateur\AndroidStudioProjects\BudgetApp\.gradle\buildOutputCleanup)" [_thread_blocked, id=10436, stack(0x00000000214e0000,0x00000000215e0000)]
  0x000000001aeb9000 JavaThread "Build operations Thread 4" [_thread_blocked, id=7392, stack(0x0000000020de0000,0x0000000020ee0000)]
  0x000000001aeb8800 JavaThread "Build operations Thread 3" [_thread_blocked, id=9032, stack(0x0000000020ce0000,0x0000000020de0000)]
  0x000000001aeb6000 JavaThread "Build operations Thread 2" [_thread_blocked, id=13924, stack(0x0000000020be0000,0x0000000020ce0000)]
  0x000000001aeb7800 JavaThread "Build operations" [_thread_blocked, id=1060, stack(0x0000000020ae0000,0x0000000020be0000)]
  0x000000001aeb7000 JavaThread "Cache worker for execution history cache (C:\Users\utilisateur\.gradle\caches\5.4.1\executionHistory)" [_thread_blocked, id=7192, stack(0x00000000209e0000,0x0000000020ae0000)]
  0x000000001aeb4000 JavaThread "Cache worker for cache directory md-rule (C:\Users\utilisateur\.gradle\caches\5.4.1\md-rule)" [_thread_blocked, id=13780, stack(0x00000000206b0000,0x00000000207b0000)]
  0x000000001af92000 JavaThread "Cache worker for cache directory md-supplier (C:\Users\utilisateur\.gradle\caches\5.4.1\md-supplier)" [_thread_blocked, id=12448, stack(0x00000000205b0000,0x00000000206b0000)]
  0x000000001af90800 JavaThread "Cache worker for file hash cache (C:\Users\utilisateur\AndroidStudioProjects\BudgetApp\.gradle\5.4.1\fileHashes)" [_thread_blocked, id=13628, stack(0x000000001ece0000,0x000000001ede0000)]
  0x000000001af92800 JavaThread "Cache worker for journal cache (C:\Users\utilisateur\.gradle\caches\journal-1)" [_thread_blocked, id=8568, stack(0x000000001c030000,0x000000001c130000)]
  0x000000001af8f800 JavaThread "File lock request listener" [_thread_in_native, id=13928, stack(0x000000001be30000,0x000000001bf30000)]
  0x000000001af94000 JavaThread "Cache worker for file hash cache (C:\Users\utilisateur\.gradle\caches\5.4.1\fileHashes)" [_thread_blocked, id=3184, stack(0x000000001bd30000,0x000000001be30000)]
  0x000000001947f800 JavaThread "Thread-9" [_thread_blocked, id=7184, stack(0x000000001ac60000,0x000000001ad60000)]
  0x000000001947d000 JavaThread "Stdin handler" [_thread_blocked, id=9180, stack(0x000000001ab60000,0x000000001ac60000)]
  0x000000001947c000 JavaThread "Asynchronous log dispatcher for DefaultDaemonConnection: socket connection from /127.0.0.1:58582 to /127.0.0.1:58583" [_thread_blocked, id=13636, stack(0x000000001aa60000,0x000000001ab60000)]
  0x0000000019456800 JavaThread "Daemon worker" [_thread_blocked, id=12604, stack(0x000000001a960000,0x000000001aa60000)]
  0x0000000019455800 JavaThread "Cancel handler" [_thread_blocked, id=12600, stack(0x000000001a860000,0x000000001a960000)]
  0x0000000018adc000 JavaThread "Handler for socket connection from /127.0.0.1:58582 to /127.0.0.1:58583" [_thread_in_native, id=11120, stack(0x000000001a560000,0x000000001a660000)]
  0x000000001940e800 JavaThread "Daemon" [_thread_blocked, id=8952, stack(0x000000001a460000,0x000000001a560000)]
  0x0000000019a5a800 JavaThread "Daemon periodic checks" [_thread_blocked, id=3648, stack(0x000000001a360000,0x000000001a460000)]
  0x000000001939a800 JavaThread "Incoming local TCP Connector on port 58582" [_thread_in_native, id=9700, stack(0x000000001a0f0000,0x000000001a1f0000)]
  0x0000000019334000 JavaThread "Daemon health stats" [_thread_blocked, id=1708, stack(0x0000000019ab0000,0x0000000019bb0000)]
  0x0000000017d08800 JavaThread "Service Thread" daemon [_thread_blocked, id=2968, stack(0x00000000180e0000,0x00000000181e0000)]
  0x000000001635a000 JavaThread "C1 CompilerThread2" daemon [_thread_blocked, id=1316, stack(0x0000000017be0000,0x0000000017ce0000)]
  0x0000000016351800 JavaThread "C2 CompilerThread1" daemon [_thread_in_native, id=13224, stack(0x0000000017ae0000,0x0000000017be0000)]
=>0x000000001634e800 JavaThread "C2 CompilerThread0" daemon [_thread_in_native, id=14120, stack(0x00000000179e0000,0x0000000017ae0000)]
  0x000000001634d000 JavaThread "Attach Listener" daemon [_thread_blocked, id=2660, stack(0x00000000178e0000,0x00000000179e0000)]
  0x000000001634c000 JavaThread "Signal Dispatcher" daemon [_thread_blocked, id=7512, stack(0x00000000177e0000,0x00000000178e0000)]
  0x00000000029dc800 JavaThread "Finalizer" daemon [_thread_blocked, id=2944, stack(0x00000000175c0000,0x00000000176c0000)]
  0x0000000016339000 JavaThread "Reference Handler" daemon [_thread_blocked, id=9272, stack(0x00000000174c0000,0x00000000175c0000)]
  0x00000000028e2800 JavaThread "main" [_thread_blocked, id=6808, stack(0x00000000027e0000,0x00000000028e0000)]

Other Threads:
  0x0000000016315800 VMThread [stack: 0x00000000173c0000,0x00000000174c0000] [id=1568]
  0x00000000163ae000 WatcherThread [stack: 0x00000000181e0000,0x00000000182e0000] [id=11416]

VM state:not at safepoint (normal execution)

VM Mutex/Monitor currently owned by a thread: None

heap address: 0x00000000a0000000, size: 1536 MB, Compressed Oops mode: 32-bit
Narrow klass base: 0x0000000000000000, Narrow klass shift: 3
Compressed class space size: 1073741824 Address: 0x0000000100000000

Heap:
 PSYoungGen      total 452096K, used 287538K [0x00000000e0000000, 0x0000000100000000, 0x0000000100000000)
  eden space 416768K, 60% used [0x00000000e0000000,0x00000000ef651858,0x00000000f9700000)
  from space 35328K, 99% used [0x00000000fc600000,0x00000000fe87b2d8,0x00000000fe880000)
  to   space 48128K, 0% used [0x00000000f9700000,0x00000000f9700000,0x00000000fc600000)
 ParOldGen       total 141824K, used 91878K [0x00000000a0000000, 0x00000000a8a80000, 0x00000000e0000000)
  object space 141824K, 64% used [0x00000000a0000000,0x00000000a59b9b08,0x00000000a8a80000)
 Metaspace       used 76654K, capacity 79738K, committed 80216K, reserved 1118208K
  class space    used 10152K, capacity 10770K, committed 10880K, reserved 1048576K

Card table byte_map: [0x0000000011da0000,0x00000000120b0000] byte_map_base: 0x00000000118a0000

Marking Bits: (ParMarkBitMap*) 0x0000000071739f30
 Begin Bits: [0x00000000126b0000, 0x0000000013eb0000)
 End Bits:   [0x0000000013eb0000, 0x00000000156b0000)

Polling page: 0x0000000000c40000

CodeCache: size=245760Kb used=44070Kb max_used=44983Kb free=201689Kb
 bounds [0x00000000029e0000, 0x0000000005600000, 0x00000000119e0000]
 total_blobs=13508 nmethods=12675 adapters=743
 compilation: enabled

Compilation events (10 events):
Event: 39.340 Thread 0x000000001635a000 14644       2       kotlin.collections.CollectionsKt__CollectionsKt::optimizeReadOnlyList (57 bytes)
Event: 39.340 Thread 0x000000001635a000 nmethod 14644 0x0000000004029950 code [0x0000000004029ae0, 0x0000000004029d98]
Event: 39.343 Thread 0x000000001635a000 14645       2       org.gradle.api.file.RelativePath::append (11 bytes)
Event: 39.344 Thread 0x000000001635a000 nmethod 14645 0x00000000055b0550 code [0x00000000055b06c0, 0x00000000055b0888]
Event: 39.344 Thread 0x000000001635a000 14646       2       org.gradle.api.internal.file.collections.jdk7.Jdk7DirectoryWalker::isAllowed (8 bytes)
Event: 39.344 Thread 0x000000001635a000 nmethod 14646 0x00000000055b01d0 code [0x00000000055b0340, 0x00000000055b04a8]
Event: 39.345 Thread 0x000000001635a000 14647       2       com.google.gson.internal.Excluder::isAnonymousOrLocal (29 bytes)
Event: 39.345 Thread 0x000000001635a000 nmethod 14647 0x00000000055afa50 code [0x00000000055afc00, 0x00000000055aff68]
Event: 39.345 Thread 0x000000001635a000 14648   !   2       kotlin.io.CloseableKt::closeFinally (37 bytes)
Event: 39.345 Thread 0x000000001635a000 nmethod 14648 0x00000000055af610 code [0x00000000055af780, 0x00000000055af968]

GC Heap History (10 events):
Event: 29.188 GC heap before
{Heap before GC invocations=36 (full 4):
 PSYoungGen      total 375808K, used 29889K [0x00000000e0000000, 0x00000000f9c00000, 0x0000000100000000)
  eden space 342016K, 0% used [0x00000000e0000000,0x00000000e0000000,0x00000000f4e00000)
  from space 33792K, 88% used [0x00000000f7280000,0x00000000f8fb0680,0x00000000f9380000)
  to   space 37376K, 0% used [0x00000000f4e00000,0x00000000f4e00000,0x00000000f7280000)
 ParOldGen       total 84992K, used 74833K [0x00000000a0000000, 0x00000000a5300000, 0x00000000e0000000)
  object space 84992K, 88% used [0x00000000a0000000,0x00000000a49144e0,0x00000000a5300000)
 Metaspace       used 75417K, capacity 78618K, committed 78808K, reserved 1118208K
  class space    used 10046K, capacity 10678K, committed 10752K, reserved 1048576K
Event: 29.448 GC heap after
Heap after GC invocations=36 (full 4):
 PSYoungGen      total 375808K, used 0K [0x00000000e0000000, 0x00000000f9c00000, 0x0000000100000000)
  eden space 342016K, 0% used [0x00000000e0000000,0x00000000e0000000,0x00000000f4e00000)
  from space 33792K, 0% used [0x00000000f7280000,0x00000000f7280000,0x00000000f9380000)
  to   space 37376K, 0% used [0x00000000f4e00000,0x00000000f4e00000,0x00000000f7280000)
 ParOldGen       total 141824K, used 71474K [0x00000000a0000000, 0x00000000a8a80000, 0x00000000e0000000)
  object space 141824K, 50% used [0x00000000a0000000,0x00000000a45cc8e0,0x00000000a8a80000)
 Metaspace       used 75266K, capacity 78204K, committed 78808K, reserved 1118208K
  class space    used 9996K, capacity 10591K, committed 10752K, reserved 1048576K
}
Event: 30.987 GC heap before
{Heap before GC invocations=37 (full 4):
 PSYoungGen      total 375808K, used 342016K [0x00000000e0000000, 0x00000000f9c00000, 0x0000000100000000)
  eden space 342016K, 100% used [0x00000000e0000000,0x00000000f4e00000,0x00000000f4e00000)
  from space 33792K, 0% used [0x00000000f7280000,0x00000000f7280000,0x00000000f9380000)
  to   space 37376K, 0% used [0x00000000f4e00000,0x00000000f4e00000,0x00000000f7280000)
 ParOldGen       total 141824K, used 71474K [0x00000000a0000000, 0x00000000a8a80000, 0x00000000e0000000)
  object space 141824K, 50% used [0x00000000a0000000,0x00000000a45cc8e0,0x00000000a8a80000)
 Metaspace       used 75282K, capacity 78212K, committed 78808K, reserved 1118208K
  class space    used 9998K, capacity 10591K, committed 10752K, reserved 1048576K
Event: 31.007 GC heap after
Heap after GC invocations=37 (full 4):
 PSYoungGen      total 379392K, used 9691K [0x00000000e0000000, 0x00000000fbf00000, 0x0000000100000000)
  eden space 342016K, 0% used [0x00000000e0000000,0x00000000e0000000,0x00000000f4e00000)
  from space 37376K, 25% used [0x00000000f4e00000,0x00000000f5776e10,0x00000000f7280000)
  to   space 36352K, 0% used [0x00000000f9b80000,0x00000000f9b80000,0x00000000fbf00000)
 ParOldGen       total 141824K, used 71474K [0x00000000a0000000, 0x00000000a8a80000, 0x00000000e0000000)
  object space 141824K, 50% used [0x00000000a0000000,0x00000000a45cc8e0,0x00000000a8a80000)
 Metaspace       used 75282K, capacity 78212K, committed 78808K, reserved 1118208K
  class space    used 9998K, capacity 10591K, committed 10752K, reserved 1048576K
}
Event: 32.410 GC heap before
{Heap before GC invocations=38 (full 4):
 PSYoungGen      total 379392K, used 351707K [0x00000000e0000000, 0x00000000fbf00000, 0x0000000100000000)
  eden space 342016K, 100% used [0x00000000e0000000,0x00000000f4e00000,0x00000000f4e00000)
  from space 37376K, 25% used [0x00000000f4e00000,0x00000000f5776e10,0x00000000f7280000)
  to   space 36352K, 0% used [0x00000000f9b80000,0x00000000f9b80000,0x00000000fbf00000)
 ParOldGen       total 141824K, used 71474K [0x00000000a0000000, 0x00000000a8a80000, 0x00000000e0000000)
  object space 141824K, 50% used [0x00000000a0000000,0x00000000a45cc8e0,0x00000000a8a80000)
 Metaspace       used 75283K, capacity 78212K, committed 78808K, reserved 1118208K
  class space    used 9998K, capacity 10591K, committed 10752K, reserved 1048576K
Event: 32.436 GC heap after
Heap after GC invocations=38 (full 4):
 PSYoungGen      total 415232K, used 16678K [0x00000000e0000000, 0x00000000fba80000, 0x0000000100000000)
  eden space 383488K, 0% used [0x00000000e0000000,0x00000000e0000000,0x00000000f7680000)
  from space 31744K, 52% used [0x00000000f9b80000,0x00000000fabc9920,0x00000000fba80000)
  to   space 34816K, 0% used [0x00000000f7680000,0x00000000f7680000,0x00000000f9880000)
 ParOldGen       total 141824K, used 71474K [0x00000000a0000000, 0x00000000a8a80000, 0x00000000e0000000)
  object space 141824K, 50% used [0x00000000a0000000,0x00000000a45cc8e0,0x00000000a8a80000)
 Metaspace       used 75283K, capacity 78212K, committed 78808K, reserved 1118208K
  class space    used 9998K, capacity 10591K, committed 10752K, reserved 1048576K
}
Event: 33.887 GC heap before
{Heap before GC invocations=39 (full 4):
 PSYoungGen      total 415232K, used 400166K [0x00000000e0000000, 0x00000000fba80000, 0x0000000100000000)
  eden space 383488K, 100% used [0x00000000e0000000,0x00000000f7680000,0x00000000f7680000)
  from space 31744K, 52% used [0x00000000f9b80000,0x00000000fabc9920,0x00000000fba80000)
  to   space 34816K, 0% used [0x00000000f7680000,0x00000000f7680000,0x00000000f9880000)
 ParOldGen       total 141824K, used 71474K [0x00000000a0000000, 0x00000000a8a80000, 0x00000000e0000000)
  object space 141824K, 50% used [0x00000000a0000000,0x00000000a45cc8e0,0x00000000a8a80000)
 Metaspace       used 75312K, capacity 78276K, committed 78808K, reserved 1118208K
  class space    used 9998K, capacity 10591K, committed 10752K, reserved 1048576K
Event: 33.920 GC heap after
Heap after GC invocations=39 (full 4):
 PSYoungGen      total 418304K, used 23179K [0x00000000e0000000, 0x00000000fe880000, 0x0000000100000000)
  eden space 383488K, 0% used [0x00000000e0000000,0x00000000e0000000,0x00000000f7680000)
  from space 34816K, 66% used [0x00000000f7680000,0x00000000f8d22e30,0x00000000f9880000)
  to   space 35328K, 0% used [0x00000000fc600000,0x00000000fc600000,0x00000000fe880000)
 ParOldGen       total 141824K, used 71482K [0x00000000a0000000, 0x00000000a8a80000, 0x00000000e0000000)
  object space 141824K, 50% used [0x00000000a0000000,0x00000000a45ce8e0,0x00000000a8a80000)
 Metaspace       used 75312K, capacity 78276K, committed 78808K, reserved 1118208K
  class space    used 9998K, capacity 10591K, committed 10752K, reserved 1048576K
}
Event: 37.324 GC heap before
{Heap before GC invocations=40 (full 4):
 PSYoungGen      total 418304K, used 406667K [0x00000000e0000000, 0x00000000fe880000, 0x0000000100000000)
  eden space 383488K, 100% used [0x00000000e0000000,0x00000000f7680000,0x00000000f7680000)
  from space 34816K, 66% used [0x00000000f7680000,0x00000000f8d22e30,0x00000000f9880000)
  to   space 35328K, 0% used [0x00000000fc600000,0x00000000fc600000,0x00000000fe880000)
 ParOldGen       total 141824K, used 71482K [0x00000000a0000000, 0x00000000a8a80000, 0x00000000e0000000)
  object space 141824K, 50% used [0x00000000a0000000,0x00000000a45ce8e0,0x00000000a8a80000)
 Metaspace       used 76396K, capacity 79538K, committed 79960K, reserved 1118208K
  class space    used 10118K, capacity 10754K, committed 10880K, reserved 1048576K
Event: 37.408 GC heap after
Heap after GC invocations=40 (full 4):
 PSYoungGen      total 452096K, used 35308K [0x00000000e0000000, 0x0000000100000000, 0x0000000100000000)
  eden space 416768K, 0% used [0x00000000e0000000,0x00000000e0000000,0x00000000f9700000)
  from space 35328K, 99% used [0x00000000fc600000,0x00000000fe87b2d8,0x00000000fe880000)
  to   space 48128K, 0% used [0x00000000f9700000,0x00000000f9700000,0x00000000fc600000)
 ParOldGen       total 141824K, used 91878K [0x00000000a0000000, 0x00000000a8a80000, 0x00000000e0000000)
  object space 141824K, 64% used [0x00000000a0000000,0x00000000a59b9b08,0x00000000a8a80000)
 Metaspace       used 76396K, capacity 79538K, committed 79960K, reserved 1118208K
  class space    used 10118K, capacity 10754K, committed 10880K, reserved 1048576K
}

Deoptimization events (10 events):
Event: 36.740 Thread 0x0000000026872800 Uncommon trap: reason=unstable_if action=reinterpret pc=0x0000000004f595ac method=java.util.Arrays.hashCode([Ljava/lang/Object;)I @ 1
Event: 36.999 Thread 0x0000000026873000 Uncommon trap: reason=unstable_if action=reinterpret pc=0x00000000038a58d0 method=java.util.concurrent.ConcurrentLinkedQueue.offer(Ljava/lang/Object;)Z @ 40
Event: 38.048 Thread 0x000000001bafb800 Uncommon trap: reason=predicate action=maybe_recompile pc=0x0000000004c64208 method=java.util.TimSort.reverseRange([Ljava/lang/Object;II)V @ 8
Event: 38.727 Thread 0x000000001baf9800 Uncommon trap: reason=array_check action=maybe_recompile pc=0x00000000055d08d8 method=java.util.TimSort.reverseRange([Ljava/lang/Object;II)V @ 20
Event: 38.727 Thread 0x000000001baf9800 Uncommon trap: reason=array_check action=maybe_recompile pc=0x00000000055d08d8 method=java.util.TimSort.reverseRange([Ljava/lang/Object;II)V @ 20
Event: 38.727 Thread 0x000000001baf9800 Uncommon trap: reason=array_check action=maybe_recompile pc=0x00000000055d08d8 method=java.util.TimSort.reverseRange([Ljava/lang/Object;II)V @ 20
Event: 38.727 Thread 0x000000001baf9800 Uncommon trap: reason=array_check action=maybe_recompile pc=0x00000000055d08d8 method=java.util.TimSort.reverseRange([Ljava/lang/Object;II)V @ 20
Event: 39.229 Thread 0x000000001baf9800 Uncommon trap: reason=array_check action=maybe_recompile pc=0x0000000003c8bdbc method=java.util.TimSort.reverseRange([Ljava/lang/Object;II)V @ 27
Event: 39.276 Thread 0x000000001947f800 Uncommon trap: reason=unstable_if action=reinterpret pc=0x00000000037792e4 method=com.esotericsoftware.kryo.io.Output.writeBytes([BII)V @ 61
Event: 39.328 Thread 0x000000001aebf000 Uncommon trap: reason=array_check action=maybe_recompile pc=0x0000000003c8bdbc method=java.util.TimSort.reverseRange([Ljava/lang/Object;II)V @ 27

Classes redefined (0 events):
No events

Internal exceptions (10 events):
Event: 35.825 Thread 0x0000000019456800 Exception <a 'sun/nio/fs/WindowsException'> (0x00000000ed4ecdb0) thrown at [D:\src\AOSP-openjdk-cygwin\jdk8u\hotspot\src\share\vm\prims\jni.cpp, line 710]
Event: 35.825 Thread 0x0000000019456800 Exception <a 'sun/nio/fs/WindowsException'> (0x00000000ed4ef8e8) thrown at [D:\src\AOSP-openjdk-cygwin\jdk8u\hotspot\src\share\vm\prims\jni.cpp, line 710]
Event: 35.874 Thread 0x0000000019456800 Implicit null exception at 0x0000000004f60955 to 0x0000000004f60ac5
Event: 36.338 Thread 0x000000001aec2000 Exception <a 'sun/nio/fs/WindowsException'> (0x00000000f038ae20) thrown at [D:\src\AOSP-openjdk-cygwin\jdk8u\hotspot\src\share\vm\prims\jni.cpp, line 710]
Event: 36.464 Thread 0x000000001aec0800 Exception <a 'java/lang/NoSuchMethodError': <clinit>> (0x00000000f0a8a440) thrown at [D:\src\AOSP-openjdk-cygwin\jdk8u\hotspot\src\share\vm\prims\jni.cpp, line 1614]
Event: 36.571 Thread 0x000000001bafb800 Exception <a 'sun/nio/fs/WindowsException'> (0x00000000f1281ed8) thrown at [D:\src\AOSP-openjdk-cygwin\jdk8u\hotspot\src\share\vm\prims\jni.cpp, line 710]
Event: 36.740 Thread 0x0000000026872800 Implicit null exception at 0x0000000004f594af to 0x0000000004f5959d
Event: 38.037 Thread 0x0000000026874800 Exception <a 'sun/nio/fs/WindowsException'> (0x00000000e4c81de0) thrown at [D:\src\AOSP-openjdk-cygwin\jdk8u\hotspot\src\share\vm\prims\jni.cpp, line 710]
Event: 38.271 Thread 0x000000001baf9800 Exception <a 'sun/nio/fs/WindowsException'> (0x00000000e5b01160) thrown at [D:\src\AOSP-openjdk-cygwin\jdk8u\hotspot\src\share\vm\prims\jni.cpp, line 710]
Event: 39.215 Thread 0x0000000026874000 Exception <a 'sun/nio/fs/WindowsException'> (0x00000000ef0eb7b8) thrown at [D:\src\AOSP-openjdk-cygwin\jdk8u\hotspot\src\share\vm\prims\jni.cpp, line 710]

Events (10 events):
Event: 39.348 loading class com/android/build/gradle/internal/scope/ApkData
Event: 39.349 loading class com/android/build/gradle/internal/scope/ApkData done
Event: 39.349 loading class com/android/build/gradle/tasks/PackageAndroidArtifact
Event: 39.349 loading class com/android/build/gradle/tasks/PackageAndroidArtifact done
Event: 39.349 loading class com/android/build/gradle/internal/scope/BuildElements$WorkersBasedScheduler
Event: 39.349 loading class com/android/build/gradle/internal/scope/BuildElements$WorkersBasedScheduler done
Event: 39.350 loading class com/android/build/gradle/internal/scope/BuildElementActionScheduler
Event: 39.350 loading class com/android/build/gradle/internal/scope/BuildElementActionScheduler done
Event: 39.352 loading class com/android/build/gradle/tasks/IncrementalChangesUtils
Event: 39.352 loading class com/android/build/gradle/tasks/IncrementalChangesUtils done


Dynamic libraries:
0x00007ff746570000 - 0x00007ff7465a1000 	C:\Program Files\Android\Android Studio\jre\bin\java.exe
0x00007ff9f3140000 - 0x00007ff9f3321000 	C:\WINDOWS\SYSTEM32\ntdll.dll
0x00007ff9b28f0000 - 0x00007ff9b2904000 	C:\Program Files\AVAST Software\Avast\aswhook.dll
0x00007ff9f2780000 - 0x00007ff9f2831000 	C:\WINDOWS\System32\KERNEL32.DLL
0x00007ff9f0350000 - 0x00007ff9f05c3000 	C:\WINDOWS\System32\KERNELBASE.dll
0x00007ff9f2670000 - 0x00007ff9f2711000 	C:\WINDOWS\System32\ADVAPI32.dll
0x00007ff9f2ba0000 - 0x00007ff9f2c3e000 	C:\WINDOWS\System32\msvcrt.dll
0x00007ff9f08e0000 - 0x00007ff9f093b000 	C:\WINDOWS\System32\sechost.dll
0x00007ff9f0940000 - 0x00007ff9f0a64000 	C:\WINDOWS\System32\RPCRT4.dll
0x00007ff9f05d0000 - 0x00007ff9f0760000 	C:\WINDOWS\System32\USER32.dll
0x00007ff9ef760000 - 0x00007ff9ef780000 	C:\WINDOWS\System32\win32u.dll
0x00007ff9f2b70000 - 0x00007ff9f2b98000 	C:\WINDOWS\System32\GDI32.dll
0x00007ff9f01b0000 - 0x00007ff9f0341000 	C:\WINDOWS\System32\gdi32full.dll
0x00007ff9ef780000 - 0x00007ff9ef81f000 	C:\WINDOWS\System32\msvcp_win.dll
0x00007ff9ef8f0000 - 0x00007ff9ef9e8000 	C:\WINDOWS\System32\ucrtbase.dll
0x00007ff9d05b0000 - 0x00007ff9d0819000 	C:\WINDOWS\WinSxS\amd64_microsoft.windows.common-controls_6595b64144ccf1df_6.0.17134.885_none_fb42a3473065565f\COMCTL32.dll
0x00007ff9f2840000 - 0x00007ff9f2b62000 	C:\WINDOWS\System32\combase.dll
0x00007ff9ef820000 - 0x00007ff9ef899000 	C:\WINDOWS\System32\bcryptPrimitives.dll
0x00007ff9f30e0000 - 0x00007ff9f310d000 	C:\WINDOWS\System32\IMM32.DLL
0x0000000070e90000 - 0x0000000070f62000 	C:\Program Files\Android\Android Studio\jre\jre\bin\msvcr100.dll
0x0000000070f70000 - 0x00000000717b6000 	C:\Program Files\Android\Android Studio\jre\jre\bin\server\jvm.dll
0x00007ff9f2660000 - 0x00007ff9f2668000 	C:\WINDOWS\System32\PSAPI.DLL
0x00007ff9e7730000 - 0x00007ff9e7739000 	C:\WINDOWS\SYSTEM32\WSOCK32.dll
0x00007ff9f2e80000 - 0x00007ff9f2eec000 	C:\WINDOWS\System32\WS2_32.dll
0x00007ff9ed730000 - 0x00007ff9ed753000 	C:\WINDOWS\SYSTEM32\WINMM.dll
0x00007ff9eae10000 - 0x00007ff9eae1a000 	C:\WINDOWS\SYSTEM32\VERSION.dll
0x00007ff9ed700000 - 0x00007ff9ed72a000 	C:\WINDOWS\SYSTEM32\WINMMBASE.dll
0x00007ff9ef8a0000 - 0x00007ff9ef8e9000 	C:\WINDOWS\System32\cfgmgr32.dll
0x00007ff9e6190000 - 0x00007ff9e619f000 	C:\Program Files\Android\Android Studio\jre\jre\bin\verify.dll
0x00007ff9c6bf0000 - 0x00007ff9c6c19000 	C:\Program Files\Android\Android Studio\jre\jre\bin\java.dll
0x00007ff9c8f30000 - 0x00007ff9c8f46000 	C:\Program Files\Android\Android Studio\jre\jre\bin\zip.dll
0x00007ff9f0c30000 - 0x00007ff9f2070000 	C:\WINDOWS\System32\SHELL32.dll
0x00007ff9f2160000 - 0x00007ff9f2209000 	C:\WINDOWS\System32\shcore.dll
0x00007ff9efaa0000 - 0x00007ff9f01ad000 	C:\WINDOWS\System32\windows.storage.dll
0x00007ff9f0a70000 - 0x00007ff9f0ac1000 	C:\WINDOWS\System32\shlwapi.dll
0x00007ff9ef470000 - 0x00007ff9ef481000 	C:\WINDOWS\System32\kernel.appcore.dll
0x00007ff9ef450000 - 0x00007ff9ef46f000 	C:\WINDOWS\System32\profapi.dll
0x00007ff9ef4b0000 - 0x00007ff9ef4fc000 	C:\WINDOWS\System32\powrprof.dll
0x00007ff9ef500000 - 0x00007ff9ef50a000 	C:\WINDOWS\System32\FLTLIB.DLL
0x00007ff9c8d30000 - 0x00007ff9c8d4a000 	C:\Program Files\Android\Android Studio\jre\jre\bin\net.dll
0x00007ff9eec70000 - 0x00007ff9eecd6000 	C:\WINDOWS\system32\mswsock.dll
0x00007ff9c8ca0000 - 0x00007ff9c8cb1000 	C:\Program Files\Android\Android Studio\jre\jre\bin\nio.dll
0x00007ff9c6650000 - 0x00007ff9c6676000 	C:\Users\utilisateur\.gradle\native\29\windows-amd64\native-platform.dll
0x00007ff9df090000 - 0x00007ff9df09d000 	C:\Program Files\Android\Android Studio\jre\jre\bin\management.dll
0x00007ff9eee20000 - 0x00007ff9eee37000 	C:\WINDOWS\SYSTEM32\CRYPTSP.dll
0x00007ff9ee860000 - 0x00007ff9ee893000 	C:\WINDOWS\system32\rsaenh.dll
0x00007ff9eef50000 - 0x00007ff9eef75000 	C:\WINDOWS\SYSTEM32\bcrypt.dll
0x00007ff9ef380000 - 0x00007ff9ef3a8000 	C:\WINDOWS\SYSTEM32\USERENV.dll
0x00007ff9eee40000 - 0x00007ff9eee4b000 	C:\WINDOWS\SYSTEM32\CRYPTBASE.dll
0x00007ff9eea00000 - 0x00007ff9eea38000 	C:\WINDOWS\SYSTEM32\IPHLPAPI.DLL
0x00007ff9f2de0000 - 0x00007ff9f2de8000 	C:\WINDOWS\System32\NSI.dll
0x00007ff9e9a50000 - 0x00007ff9e9a66000 	C:\WINDOWS\SYSTEM32\dhcpcsvc6.DLL
0x00007ff9e9a30000 - 0x00007ff9e9a4a000 	C:\WINDOWS\SYSTEM32\dhcpcsvc.DLL

VM Arguments:
jvm_args: -Xmx1536m -Dfile.encoding=windows-1252 -Duser.country=FR -Duser.language=fr -Duser.variant 
java_command: org.gradle.launcher.daemon.bootstrap.GradleDaemon 5.4.1
java_class_path (initial): C:\Users\utilisateur\.gradle\wrapper\dists\gradle-5.4.1-all\3221gyojl5jsh0helicew7rwx\gradle-5.4.1\lib\gradle-launcher-5.4.1.jar
Launcher Type: SUN_STANDARD

Environment Variables:
PATH=D:\app\utilisateur\product\18.0.0\dbhomeXE\bin;D:\app\client\utilisateur\product\18.0.0\client_1;D:\app\client\utilisateur\product\18.0.0\client_1\bin;C:\Program Files\Microsoft MPI\Bin\;C:\Users\utilisateur\Desktop\Delphi\Bin;C:\Users\utilisateur\Desktop\Delphi\Projects\Bpl\;C:\WINDOWS\system32;C:\WINDOWS;C:\WINDOWS\System32\Wbem;C:\WINDOWS\System32\WindowsPowerShell\v1.0\;C:\Program Files\Microsoft SQL Server\130\Tools\Binn\;C:\Program Files\Git\cmd;C:\Program Files\dotnet\;C:\Program Files\Microsoft VS Code\bin;C:\Program Files (x86)\Microsoft SQL Server\140\Tools\Binn\;C:\Program Files\Microsoft SQL Server\140\Tools\Binn\;C:\Program Files (x86)\Microsoft SQL Server\140\DTS\Binn\;C:\Program Files\Microsoft SQL Server\140\DTS\Binn\;C:\Program Files\Microsoft SQL Server\Client SDK\ODBC\130\Tools\Binn\;C:\Program Files (x86)\Microsoft SQL Server\Client SDK\ODBC\130\Tools\Binn\;C:\Program Files (x86)\Microsoft SQL Server\140\Tools\Binn\ManagementStudio\;C:\WINDOWS\System32\OpenSSH\;C:\Program Files\Java\jdk-11.0.1\bin;C:\Program Files\PuTTY\;C:\Program Files\Microsoft SQL Server\Client SDK\ODBC\170\Tools\Binn\;C:\Program Files\Microsoft\Web Platform Installer\;C:\Program Files\nodejs\;C:\Users\utilisateur\AppData\Local\Microsoft\WindowsApps;C:\Users\utilisateur\.dotnet\tools;C:\Users\utilisateur\AppData\Local\Programs\Fiddler;C:\Users\utilisateur\AppData\Roaming\npm;C:\Program Files\MongoDB\Server\4.0\bin;
USERNAME=utilisateur
OS=Windows_NT
PROCESSOR_IDENTIFIER=Intel64 Family 6 Model 42 Stepping 7, GenuineIntel



---------------  S Y S T E M  ---------------

OS: Windows 10.0 , 64 bit Build 17134 (10.0.17134.753)

CPU:total 4 (initial active 4) (4 cores per cpu, 1 threads per core) family 6 model 42 stepping 7, cmov, cx8, fxsr, mmx, sse, sse2, sse3, ssse3, sse4.1, sse4.2, popcnt, avx, aes, clmul, tsc, tscinvbit

Memory: 4k page, physical 4072496k(409864k free), swap 11758592k(10240k free)

vm_info: OpenJDK 64-Bit Server VM (25.202-b03) for windows-amd64 JRE (1.8.0_202-release-1483-b03), built by "builder" with MS VC++ 10.0 (VS2010)

time: Mon Nov 04 13:41:46 2019
timezone: Paris, Madrid
elapsed time: 39 seconds (0d 0h 0m 39s)

